[2024-01-24 20:58:13] Error: Server already exist
[2024-01-24 20:58:26] Server is running on port 5556
[2024-01-24 20:58:40] New connection from 'localhost' at socket '6'
[2024-01-24 20:58:49] User at socket 6 requested registration.
[2024-01-24 20:58:49] Error: Account existed
[2024-01-24 20:59:03] User at socket 6 requested to login with username 'hieu'.
[2024-01-24 20:59:10] User at socket 6 requested registration.
[2024-01-24 20:59:10] Register successful.
[2024-01-24 20:59:30] User at socket 6 requested to login with username 'hieu'.
[2024-01-24 20:59:32] 'hieu' at socket 6 requested to show list of users online
[2024-01-24 20:59:42] New connection from 'localhost' at socket '7'
[2024-01-24 20:59:49] User at socket 7 requested to login with username 'phanhieu'.
[2024-01-24 21:00:16] User at socket 7 requested to login with username 'phanhieu'.
[2024-01-24 21:00:42] User at socket 7 requested to login with username 'd'.
[2024-01-24 21:01:51] User at socket 7 requested to login with username 'quynh'.
[2024-01-24 21:04:01] User at socket 7 requested to login with username 'hieuhieu'.
[2024-01-24 21:04:08] User at socket 7 requested to login with username 'hieuhieu'.
[2024-01-24 21:04:47] 'hieu' at socket 6 requested to show list of users online
[2024-01-24 21:05:11] User at socket 6 requested to create a group chat.
[2024-01-24 21:05:11] 'hieu' at socket 6 requested to join group chat named 'phonghieu'
[2024-01-24 21:05:11] 'hieu' joined 'phonghieu'

[2024-01-24 21:05:37] 'hieu' at socket 6 requested to show list of users online
[2024-01-24 21:05:44] 'hieu' at socket 6 requested to add 'hieu' at socket 6 to group chat.
[2024-01-24 21:05:52] 'hieu' at socket 6 sent a message to the group chat named 'phonghieu'.
[2024-01-24 21:06:09] Server is running on port 5557
[2024-01-24 21:06:13] New connection from 'localhost' at socket '6'
[2024-01-24 21:06:25] User at socket 6 requested to login with username 'hieuhieu'.
[2024-01-24 21:06:33] New connection from 'localhost' at socket '7'
[2024-01-24 21:06:48] User at socket 7 requested to login with username 'HMN'.
[2024-01-24 21:07:49] User at socket 7 requested registration.
[2024-01-24 21:07:49] Register successful.
[2024-01-24 21:08:26] User at socket 6 requested to create a group chat.
[2024-01-24 21:08:26] 'hieuhieu' at socket 6 requested to join group chat named 'abab'
[2024-01-24 21:08:26] 'hieuhieu' joined 'abab'

[2024-01-24 21:08:29] 'hieuhieu' at socket 6 requested to show list of users online
[2024-01-24 21:23:41] Server is running on port 5559
[2024-01-24 21:24:10] New connection from 'localhost' at socket '6'
[2024-01-24 21:24:17] User at socket 6 requested registration.
[2024-01-24 21:24:50] Register successful.
[2024-01-24 21:26:01] User at socket 6 requested registration.
[2024-01-24 21:41:02] Server is running on port 5559
[2024-01-24 21:43:23] New connection from 'localhost' at socket '6'
[2024-01-24 21:43:32] User at socket 6 requested registration.
[2024-01-24 21:47:38] Server is running on port 5559
[2024-01-24 21:47:46] New connection from 'localhost' at socket '6'
[2024-01-24 21:47:51] User at socket 6 requested registration.
[2024-01-24 21:52:19] Server is running on port 5559
[2024-01-24 21:52:38] New connection from 'localhost' at socket '6'
[2024-01-24 21:52:47] User at socket 6 requested registration.
[2024-01-24 21:52:59] Register successful.
[2024-01-24 22:01:59] Server is running on port 5557
[2024-01-24 22:02:11] New connection from 'localhost' at socket '6'
[2024-01-24 22:02:22] User at socket 6 requested registration.
[2024-01-24 22:02:22] Register successful.
[2024-01-24 22:02:43] New connection from 'localhost' at socket '7'
[2024-01-24 22:02:54] User at socket 7 requested registration.
[2024-01-24 22:02:54] Register successful.
[2024-01-24 22:03:06] User at socket 7 requested to login with username 'hieuphan'.
[2024-01-24 22:03:18] User at socket 6 requested to login with username 'hieuhieu'.
[2024-01-24 22:03:29] 'hieuhieu' at socket 6 requested to show list of users online
[2024-01-24 22:03:41] User at socket 6 requested to create a group chat.
[2024-01-24 22:03:41] 'hieuhieu' at socket 6 requested to join group chat named 'hieus'
[2024-01-24 22:03:41] 'hieuhieu' joined 'hieus'

[2024-01-24 22:03:44] 'hieuhieu' at socket 6 requested to show list of users online
[2024-01-24 22:03:51] 'hieuhieu' at socket 6 requested to add 'hieuphan' at socket 7 to group chat.
[2024-01-24 22:04:03] 'hieuphan' at socket 7 sent a message to the group chat named 'hieus'.
[2024-01-24 22:04:07] 'hieuhieu' at socket 6 sent a message to the group chat named 'hieus'.
[2024-01-24 22:04:24] 'hieuhieu' at socket 6 requested to show list of users in the group chat
[2024-01-24 22:04:29] 'hieuphan' at socket 7 requested to left the current group chat
[2024-01-24 22:04:56] 'hieuhieu' at socket 6 sent a message to the group chat named 'hieus'.
[2024-01-24 22:05:41] 'hieuphan' at socket 7 requested to show list of users online
[2024-01-24 22:05:55] 'hieuphan' at socket 7 requested to join group chat named 'hieus'
[2024-01-24 22:05:55] 'hieuphan' joined 'hieus'

[2024-01-24 22:05:58] 'hieuphan' at socket 7 sent a message to the group chat named 'hieus'.
[2024-01-24 22:06:02] 'hieuhieu' at socket 6 sent a message to the group chat named 'hieus'.
[2024-01-24 22:06:08] 'hieuhieu' at socket 6 requested to show list of users in the group chat
[2024-01-24 22:06:12] 'hieuphan' at socket 7 requested to left the current group chat
[2024-01-24 22:06:50] 'hieuhieu' at socket 6 requested to left the current group chat
[2024-01-24 22:06:59] 'hieuhieu' at socket 6 requested to show list of friends
[2024-01-24 22:07:05] 'hieuhieu' at socket 6 requested to show list of users online
[2024-01-24 22:07:08] 'hieuhieu' at socket 6 requested to be friend with 'hieuphan' at socket 7.
[2024-01-24 22:07:13] 'hieuphan' at socket 7 requested to show list of friends
[2024-01-24 22:07:19] 'hieuphan' at socket 7 requested to show list of friends
[2024-01-24 22:07:21] 'hieuphan' at socket 7 requested to unfriend with 'hieuhieu' at socket 6.
[2024-01-24 22:07:25] 'hieuhieu' at socket 6 requested to show list of friends
[2024-01-24 22:07:32] 'hieuhieu' at socket 6 requested to show list of offline messages
[2024-01-24 22:07:40] 'hieuhieu' at socket 6 requested to show list of friends
[2024-01-24 22:08:09] New connection from 'localhost' at socket '8'
[2024-01-24 22:08:12] User at socket 8 requested to login with username 'd'.
[2024-01-24 22:08:15] 'd' at socket 8 requested to show list of users online
[2024-01-24 22:08:20] 'd' at socket 8 requested to be friend with 'hieuhieu' at socket 6.
[2024-01-24 22:08:34] 'hieuhieu' at socket 6 requested to send an offline message to 'end'.
[2024-01-24 22:08:43] Error: Server already exist
[2024-01-24 22:08:47] Server is running on port 5558
[2024-01-24 22:08:52] New connection from 'localhost' at socket '6'
[2024-01-24 22:08:58] User at socket 6 requested to login with username 'hieuhieu'.
[2024-01-24 22:09:02] New connection from 'localhost' at socket '7'
[2024-01-24 22:09:05] User at socket 7 requested to login with username 'd'.
[2024-01-24 22:09:10] 'd' at socket 7 requested to show list of users online
[2024-01-24 22:09:13] 'd' at socket 7 requested to be friend with 'hieuhieu' at socket 6.
[2024-01-24 22:10:43] 'hieuhieu' at socket 6 requested to show list of friends
[2024-01-24 22:10:50] 'd' at socket 7 requested to logout
[2024-01-24 22:10:50] Log out successful!
[2024-01-24 22:11:00] 'hieuhieu' at socket 6 requested to send an offline message to 'd'.
[2024-01-24 22:11:08] User at socket 7 requested to login with username 'd'.
[2024-01-24 22:11:14] 'd' at socket 7 requested to show list of offline messages
[2024-01-24 22:11:22] 'd' at socket 7 requested to show list of friends
[2024-01-24 22:11:31] 'd' at socket 7 requested to send an offline message to 'hieuhieu'.
[2024-01-24 22:11:37] 'hieuhieu' at socket 6 requested to show list of offline messages
[2024-01-24 22:35:34] 'hieuhieu' at socket 6 requested to join group chat named 'hq'
[2024-01-24 22:35:34] 'hieuhieu' joined 'hq'

